98.04.04 20:52 B C:\TEMP\mudtemp\doc\act.txt <-- dfk /users/swells/kari/Rom24/doc act.txt
98.04.04 20:52 B C:\TEMP\mudtemp\doc\area.txt <-- dfk /users/swells/kari/Rom24/doc area.txt
98.04.04 20:52 B C:\TEMP\mudtemp\doc\class.txt <-- dfk /users/swells/kari/Rom24/doc class.txt
98.04.04 20:52 B C:\TEMP\mudtemp\doc\command.txt <-- dfk /users/swells/kari/Rom24/doc command.txt
98.04.04 20:52 B C:\TEMP\mudtemp\doc\contrib.txt <-- dfk /users/swells/kari/Rom24/doc contrib.txt
98.04.04 20:53 B C:\TEMP\mudtemp\doc\drool.txt <-- dfk /users/swells/kari/Rom24/doc drool.txt
98.04.04 20:53 B C:\TEMP\mudtemp\doc\hacker.txt <-- dfk /users/swells/kari/Rom24/doc hacker.txt
98.04.04 20:53 B C:\TEMP\mudtemp\doc\license.doc <-- dfk /users/swells/kari/Rom24/doc license.doc
98.04.04 20:53 B C:\TEMP\mudtemp\doc\license.txt <-- dfk /users/swells/kari/Rom24/doc license.txt
98.04.04 20:53 B C:\TEMP\mudtemp\doc\memory.txt <-- dfk /users/swells/kari/Rom24/doc memory.txt
98.04.04 20:53 B C:\TEMP\mudtemp\doc\new.txt <-- dfk /users/swells/kari/Rom24/doc new.txt
98.04.04 20:53 B C:\TEMP\mudtemp\doc\pfile.txt <-- dfk /users/swells/kari/Rom24/doc pfile.txt
98.04.04 20:53 B C:\TEMP\mudtemp\doc\port.txt <-- dfk /users/swells/kari/Rom24/doc port.txt
98.04.04 20:53 B C:\TEMP\mudtemp\doc\rom.credits <-- dfk /users/swells/kari/Rom24/doc rom.credits
98.04.04 20:53 B C:\TEMP\mudtemp\doc\rom.license <-- dfk /users/swells/kari/Rom24/doc rom.license
98.04.04 20:53 B C:\TEMP\mudtemp\doc\Rom2.4.doc <-- dfk /users/swells/kari/Rom24/doc Rom2.4.doc
98.04.04 20:53 B C:\TEMP\mudtemp\doc\security.txt <-- dfk /users/swells/kari/Rom24/doc security.txt
98.04.04 20:53 B C:\TEMP\mudtemp\doc\sites.txt <-- dfk /users/swells/kari/Rom24/doc sites.txt
98.04.04 20:53 B C:\TEMP\mudtemp\doc\skill.txt <-- dfk /users/swells/kari/Rom24/doc skill.txt
98.04.04 20:53 B C:\TEMP\mudtemp\doc\sky.txt <-- dfk /users/swells/kari/Rom24/doc sky.txt
98.04.04 20:53 B C:\TEMP\mudtemp\doc\trad.txt <-- dfk /users/swells/kari/Rom24/doc trad.txt
98.04.04 20:54 B C:\TEMP\mudtemp\doc\vnum.txt <-- dfk /users/swells/kari/Rom24/doc vnum.txt
98.04.04 21:47 B C:\TEMP\mudtemp\doc\act.txt --> novus.gator.net /u/mason/Rom24/doc act.txt
98.04.04 21:47 B C:\TEMP\mudtemp\doc\area.txt --> novus.gator.net /u/mason/Rom24/doc area.txt
98.04.04 21:48 B C:\TEMP\mudtemp\doc\class.txt --> novus.gator.net /u/mason/Rom24/doc class.txt
98.04.04 21:48 B C:\TEMP\mudtemp\doc\command.txt --> novus.gator.net /u/mason/Rom24/doc command.txt
98.04.04 21:48 B C:\TEMP\mudtemp\doc\contrib.txt --> novus.gator.net /u/mason/Rom24/doc contrib.txt
98.04.04 21:48 B C:\TEMP\mudtemp\doc\drool.txt --> novus.gator.net /u/mason/Rom24/doc drool.txt
98.04.04 21:48 B C:\TEMP\mudtemp\doc\hacker.txt --> novus.gator.net /u/mason/Rom24/doc hacker.txt
98.04.04 21:49 B C:\TEMP\mudtemp\doc\license.doc --> novus.gator.net /u/mason/Rom24/doc license.doc
98.04.04 21:49 B C:\TEMP\mudtemp\doc\license.txt --> novus.gator.net /u/mason/Rom24/doc license.txt
98.04.04 21:49 B C:\TEMP\mudtemp\doc\memory.txt --> novus.gator.net /u/mason/Rom24/doc memory.txt
98.04.04 21:49 B C:\TEMP\mudtemp\doc\new.txt --> novus.gator.net /u/mason/Rom24/doc new.txt
98.04.04 21:50 B C:\TEMP\mudtemp\doc\pfile.txt --> novus.gator.net /u/mason/Rom24/doc pfile.txt
98.04.04 21:50 B C:\TEMP\mudtemp\doc\port.txt --> novus.gator.net /u/mason/Rom24/doc port.txt
98.04.04 21:50 B C:\TEMP\mudtemp\doc\rom.credits --> novus.gator.net /u/mason/Rom24/doc rom.credits
98.04.04 21:50 B C:\TEMP\mudtemp\doc\rom.license --> novus.gator.net /u/mason/Rom24/doc rom.license
98.04.04 21:51 B C:\TEMP\mudtemp\doc\Rom2.4.doc --> novus.gator.net /u/mason/Rom24/doc Rom2.4.doc
98.04.04 21:51 B C:\TEMP\mudtemp\doc\security.txt --> novus.gator.net /u/mason/Rom24/doc security.txt
98.04.04 21:51 B C:\TEMP\mudtemp\doc\sites.txt --> novus.gator.net /u/mason/Rom24/doc sites.txt
98.04.04 21:51 B C:\TEMP\mudtemp\doc\skill.txt --> novus.gator.net /u/mason/Rom24/doc skill.txt
98.04.04 21:51 B C:\TEMP\mudtemp\doc\sky.txt --> novus.gator.net /u/mason/Rom24/doc sky.txt
98.04.04 21:51 B C:\TEMP\mudtemp\doc\trad.txt --> novus.gator.net /u/mason/Rom24/doc trad.txt
98.04.04 21:52 B C:\TEMP\mudtemp\doc\vnum.txt --> novus.gator.net /u/mason/Rom24/doc vnum.txt
